<?xml version="1.0" encoding="UTF-8"?>
<!-- Generated by org.testng.reporters.JUnitReportReporter -->
<testsuite hostname="DeepthiBook" failures="0" tests="1" name="com.CRM.TestCases.BaseClass" time="0.011" errors="0" timestamp="2024-04-04T05:23:34 IST" skipped="0">
  <testcase classname="com.CRM.TestCases.BaseClass" name="f" time="0.011"/>
  <system-out/>
</testsuite> <!-- com.CRM.TestCases.BaseClass -->
