<?xml version="1.0" encoding="UTF-8"?>
<!-- Generated by org.testng.reporters.JUnitReportReporter -->
<testsuite hostname="DeepthiBook" failures="0" tests="1" name="com.CRM.TestCases.LoginPageTest" time="0.685" errors="0" timestamp="2024-04-05T20:34:05 IST" skipped="0">
  <testcase classname="com.CRM.TestCases.LoginPageTest" name="verifylogin" time="0.685"/>
  <system-out/>
</testsuite> <!-- com.CRM.TestCases.LoginPageTest -->
