<?xml version="1.0" encoding="UTF-8"?>
<!-- Generated by org.testng.reporters.JUnitReportReporter -->
<testsuite hostname="DeepthiBook" failures="0" tests="1" name="com.CRM.TestCases.LoginPageTest" time="0.722" errors="0" timestamp="2024-04-04T16:54:00 IST" skipped="0">
  <testcase classname="com.CRM.TestCases.LoginPageTest" name="verifylogin" time="0.722"/>
  <system-out/>
</testsuite> <!-- com.CRM.TestCases.LoginPageTest -->
