<?xml version="1.0" encoding="UTF-8"?>
<!-- Generated by org.testng.reporters.JUnitReportReporter -->
<testsuite hostname="DeepthiBook" failures="0" tests="3" name="com.CRM.TestCases.HomePageTest" time="0.133" errors="0" timestamp="2024-04-04T16:54:00 IST" skipped="0">
  <testcase classname="com.CRM.TestCases.HomePageTest" name="verifyAppTitle" time="0.030"/>
  <system-out/>
  <testcase classname="com.CRM.TestCases.HomePageTest" name="verifysignIn" time="0.091"/>
  <system-out/>
  <testcase classname="com.CRM.TestCases.HomePageTest" name="verifyAppUrl" time="0.012"/>
  <system-out/>
</testsuite> <!-- com.CRM.TestCases.HomePageTest -->
