<?xml version="1.0" encoding="UTF-8"?>
<!-- Generated by org.testng.reporters.JUnitReportReporter -->
<testsuite hostname="DeepthiBook" failures="0" tests="3" name="com.CRM.TestCases.HomePageTest" time="0.181" errors="0" timestamp="2024-04-06T03:50:37 IST" skipped="0">
  <testcase classname="com.CRM.TestCases.HomePageTest" name="verifyAppTitle" time="0.054"/>
  <system-out/>
  <testcase classname="com.CRM.TestCases.HomePageTest" name="verifysignIn" time="0.108"/>
  <system-out/>
  <testcase classname="com.CRM.TestCases.HomePageTest" name="verifyAppUrl" time="0.019"/>
  <system-out/>
</testsuite> <!-- com.CRM.TestCases.HomePageTest -->
